usage: JieChuOccupyGPU.py [-h] Command MemThres OutputFile
JieChuOccupyGPU.py: error: the following arguments are required: OutputFile
usage: JieChuOccupyGPU.py [-h] [--MemThres MEMTHRES] [--OutputFile OUTPUTFILE]
                          Command
JieChuOccupyGPU.py: error: unrecognized arguments: 24262
JieChuOccupyGPU_Output.txt
JieChuOccupyGPU_Output.txt
123
JieChuOccupyGPU_Output.txt
JieChuOccupyGPU_Output.txt
123
JieChuOccupyGPU_Output.txt
JieChuOccupyGPU_Output.txt
JieChuOccupyGPU_Output.txt
JieChuOccupyGPU_Output.txt
usage: JieChuOccupyGPU.py [-h] [--MemThres MEMTHRES] Command OutputFile
JieChuOccupyGPU.py: error: unrecognized arguments: tomp JieChu_tomp101_esot500 JieChuOccupyGPU_Output_tomp101_esot500.txt
usage: JieChuOccupyGPU.py [-h] [--MemThres MEMTHRES] Command OutputFile
JieChuOccupyGPU.py: error: the following arguments are required: OutputFile
usage: run_experiment.py [-h] [--debug DEBUG] [--threads THREADS]
                         experiment_module experiment_name
run_experiment.py: error: argument --threads: expected one argument
usage: run_experiment.py [-h] [--debug DEBUG] [--threads THREADS]
                         experiment_module experiment_name
run_experiment.py: error: argument --threads: expected one argument
